21/12/2024 00:02 | 0xDd4c3d252c29da6F584a9b83D2b61AD82ac92FaB | @22 | buy_filled | 0.62 | 223.95000000
21/12/2024 00:15 | 0xDd4c3d252c29da6F584a9b83D2b61AD82ac92FaB | @22 | buy_filled | 0.62 | 244.07000000
21/12/2024 00:16 | 0xDd4c3d252c29da6F584a9b83D2b61AD82ac92FaB | @22 | buy_filled | 0.62 | 242.99000000
21/12/2024 13:10 | 0xDd4c3d252c29da6F584a9b83D2b61AD82ac92FaB | @76 | buy_filled | 0.92 | 215.81000000
21/12/2024 13:10 | 0xDd4c3d252c29da6F584a9b83D2b61AD82ac92FaB | @76 | buy_filled | 0.92 | 107.09000000
21/12/2024 17:28 | 0xDd4c3d252c29da6F584a9b83D2b61AD82ac92FaB | @22 | buy_filled | 0.62 | 0.35000000
21/12/2024 17:58 | 0xDd4c3d252c29da6F584a9b83D2b61AD82ac92FaB | @22 | sell_filled | 0.62 | 300.74000000
21/12/2024 21:09 | 0xDd4c3d252c29da6F584a9b83D2b61AD82ac92FaB | @22 | sell_filled | 0.62 | 0.43000000
22/12/2024 01:42 | 0xDd4c3d252c29da6F584a9b83D2b61AD82ac92FaB | @34 | buy_filled | 0.01 | 21,492.88000000
22/12/2024 01:43 | 0xDd4c3d252c29da6F584a9b83D2b61AD82ac92FaB | @73 | buy_filled | 1.04 | 96.65000000
22/12/2024 01:44 | 0xDd4c3d252c29da6F584a9b83D2b61AD82ac92FaB | @34 | buy_filled | 0.01 | 18,089.38000000
30/12/2024 23:52 | 0xDd4c3d252c29da6F584a9b83D2b61AD82ac92FaB | @34 | buy_filled | 0.01 | 82,653.06000000
30/12/2024 23:59 | 0xDd4c3d252c29da6F584a9b83D2b61AD82ac92FaB | @17 | buy_filled | 0.00 | 165,231.00000000
02/01/2025 14:19 | 0xDd4c3d252c29da6F584a9b83D2b61AD82ac92FaB | @34 | buy_filled | 0.01 | 2,138.98000000
02/01/2025 14:33 | 0xDd4c3d252c29da6F584a9b83D2b61AD82ac92FaB | @34 | buy_filled | 0.01 | 5,797.68000000
02/01/2025 15:15 | 0xDd4c3d252c29da6F584a9b83D2b61AD82ac92FaB | @34 | buy_filled | 0.01 | 10,467.94000000
02/01/2025 15:16 | 0xDd4c3d252c29da6F584a9b83D2b61AD82ac92FaB | @34 | buy_filled | 0.01 | 2,708.90000000
02/01/2025 17:40 | 0xDd4c3d252c29da6F584a9b83D2b61AD82ac92FaB | @34 | buy_filled | 0.01 | 114.95000000
02/01/2025 17:40 | 0xDd4c3d252c29da6F584a9b83D2b61AD82ac92FaB | @34 | buy_filled | 0.01 | 3,707.27000000
02/01/2025 17:40 | 0xDd4c3d252c29da6F584a9b83D2b61AD82ac92FaB | @34 | buy_filled | 0.01 | 26,150.62000000
02/01/2025 18:16 | 0xDd4c3d252c29da6F584a9b83D2b61AD82ac92FaB | @34 | buy_filled | 0.01 | 6,551.69000000
02/01/2025 18:16 | 0xDd4c3d252c29da6F584a9b83D2b61AD82ac92FaB | @34 | buy_filled | 0.01 | 7,183.33000000
02/01/2025 18:42 | 0xDd4c3d252c29da6F584a9b83D2b61AD82ac92FaB | @34 | buy_filled | 0.01 | 28,593.45000000
02/01/2025 19:24 | 0xDd4c3d252c29da6F584a9b83D2b61AD82ac92FaB | @34 | buy_filled | 0.01 | 6,258.94000000
02/01/2025 19:25 | 0xDd4c3d252c29da6F584a9b83D2b61AD82ac92FaB | @34 | buy_filled | 0.01 | 14,163.60000000
02/01/2025 20:40 | 0xDd4c3d252c29da6F584a9b83D2b61AD82ac92FaB | @34 | buy_filled | 0.01 | 4,742.17000000
02/01/2025 22:00 | 0xDd4c3d252c29da6F584a9b83D2b61AD82ac92FaB | @34 | buy_filled | 0.01 | 9,865.82000000
02/01/2025 22:03 | 0xDd4c3d252c29da6F584a9b83D2b61AD82ac92FaB | @34 | buy_filled | 0.01 | 3,126.80000000
03/01/2025 01:00 | 0xDd4c3d252c29da6F584a9b83D2b61AD82ac92FaB | @34 | buy_filled | 0.01 | 0.02000000
03/01/2025 02:05 | 0xDd4c3d252c29da6F584a9b83D2b61AD82ac92FaB | @34 | buy_filled | 0.01 | 19,401.81000000
03/01/2025 02:34 | 0xDd4c3d252c29da6F584a9b83D2b61AD82ac92FaB | @34 | buy_filled | 0.01 | 2,340.67000000
03/01/2025 04:48 | 0xDd4c3d252c29da6F584a9b83D2b61AD82ac92FaB | @34 | buy_filled | 0.01 | 2,062.27000000
03/01/2025 06:22 | 0xDd4c3d252c29da6F584a9b83D2b61AD82ac92FaB | @34 | buy_filled | 0.01 | 726.08000000
03/01/2025 06:29 | 0xDd4c3d252c29da6F584a9b83D2b61AD82ac92FaB | @34 | buy_filled | 0.01 | 6,338.36000000
03/01/2025 11:36 | 0xDd4c3d252c29da6F584a9b83D2b61AD82ac92FaB | @34 | buy_filled | 0.01 | 1,697.64000000
03/01/2025 16:08 | 0xDd4c3d252c29da6F584a9b83D2b61AD82ac92FaB | @34 | buy_filled | 0.01 | 15,000.00000000
03/01/2025 17:44 | 0xDd4c3d252c29da6F584a9b83D2b61AD82ac92FaB | @34 | buy_filled | 0.01 | 5,149.75000000
03/01/2025 19:16 | 0xDd4c3d252c29da6F584a9b83D2b61AD82ac92FaB | @34 | buy_filled | 0.01 | 6,306.00000000
03/01/2025 23:28 | 0xDd4c3d252c29da6F584a9b83D2b61AD82ac92FaB | @34 | buy_filled | 0.01 | 27,500.95000000
04/01/2025 02:16 | 0xDd4c3d252c29da6F584a9b83D2b61AD82ac92FaB | @73 | buy_filled | 0.91 | 110.00000000
04/01/2025 06:17 | 0xDd4c3d252c29da6F584a9b83D2b61AD82ac92FaB | @34 | buy_filled | 0.01 | 1,311.01000000
04/01/2025 06:34 | 0xDd4c3d252c29da6F584a9b83D2b61AD82ac92FaB | @34 | buy_filled | 0.01 | 31,083.93000000
04/01/2025 07:00 | 0xDd4c3d252c29da6F584a9b83D2b61AD82ac92FaB | @73 | buy_filled | 0.91 | 0.02000000
04/01/2025 09:11 | 0xDd4c3d252c29da6F584a9b83D2b61AD82ac92FaB | @34 | buy_filled | 0.01 | 5,638.58000000
04/01/2025 09:11 | 0xDd4c3d252c29da6F584a9b83D2b61AD82ac92FaB | @34 | buy_filled | 0.01 | 23,341.28000000
04/01/2025 09:11 | 0xDd4c3d252c29da6F584a9b83D2b61AD82ac92FaB | @34 | buy_filled | 0.01 | 5,973.69000000
04/01/2025 09:17 | 0xDd4c3d252c29da6F584a9b83D2b61AD82ac92FaB | @34 | buy_filled | 0.01 | 17,956.11000000
04/01/2025 09:27 | 0xDd4c3d252c29da6F584a9b83D2b61AD82ac92FaB | @17 | buy_filled | 0.00 | 857.00000000
04/01/2025 09:29 | 0xDd4c3d252c29da6F584a9b83D2b61AD82ac92FaB | @17 | buy_filled | 0.00 | 28,194.00000000
04/01/2025 09:29 | 0xDd4c3d252c29da6F584a9b83D2b61AD82ac92FaB | @17 | buy_filled | 0.00 | 12,937.00000000
04/01/2025 09:29 | 0xDd4c3d252c29da6F584a9b83D2b61AD82ac92FaB | @17 | buy_filled | 0.00 | 27,276.00000000
04/01/2025 09:29 | 0xDd4c3d252c29da6F584a9b83D2b61AD82ac92FaB | @17 | buy_filled | 0.00 | 14,283.00000000
04/01/2025 09:30 | 0xDd4c3d252c29da6F584a9b83D2b61AD82ac92FaB | @17 | buy_filled | 0.00 | 24,383.00000000
04/01/2025 09:30 | 0xDd4c3d252c29da6F584a9b83D2b61AD82ac92FaB | @17 | buy_filled | 0.00 | 20,385.00000000
04/01/2025 09:31 | 0xDd4c3d252c29da6F584a9b83D2b61AD82ac92FaB | @17 | buy_filled | 0.00 | 20,772.00000000
04/01/2025 14:26 | 0xDd4c3d252c29da6F584a9b83D2b61AD82ac92FaB | @104 | buy_filled | 1.55 | 161.29000000
04/01/2025 15:02 | 0xDd4c3d252c29da6F584a9b83D2b61AD82ac92FaB | @93 | buy_filled | 0.00 | 425,000.00000000
04/01/2025 15:09 | 0xDd4c3d252c29da6F584a9b83D2b61AD82ac92FaB | @25 | buy_filled | 0.00 | 64,996.36000000
04/01/2025 15:10 | 0xDd4c3d252c29da6F584a9b83D2b61AD82ac92FaB | @93 | buy_filled | 0.00 | 3,945.00000000
04/01/2025 15:14 | 0xDd4c3d252c29da6F584a9b83D2b61AD82ac92FaB | @84 | buy_filled | 1.24 | 81.65000000
04/01/2025 17:49 | 0xDd4c3d252c29da6F584a9b83D2b61AD82ac92FaB | @34 | buy_filled | 0.01 | 7,561.91000000
04/01/2025 21:15 | 0xDd4c3d252c29da6F584a9b83D2b61AD82ac92FaB | @34 | buy_filled | 0.01 | 3,298.17000000
04/01/2025 22:45 | 0xDd4c3d252c29da6F584a9b83D2b61AD82ac92FaB | @34 | buy_filled | 0.01 | 2,667.32000000
05/01/2025 01:00 | 0xDd4c3d252c29da6F584a9b83D2b61AD82ac92FaB | @34 | buy_filled | 0.01 | 0.04000000
05/01/2025 01:14 | 0xDd4c3d252c29da6F584a9b83D2b61AD82ac92FaB | @34 | buy_filled | 0.01 | 6,286.55000000
05/01/2025 18:45 | 0xDd4c3d252c29da6F584a9b83D2b61AD82ac92FaB | @34 | buy_filled | 0.01 | 7,693.36000000
05/01/2025 23:46 | 0xDd4c3d252c29da6F584a9b83D2b61AD82ac92FaB | @34 | buy_filled | 0.01 | 205.83000000
06/01/2025 01:00 | 0xDd4c3d252c29da6F584a9b83D2b61AD82ac92FaB | @34 | buy_filled | 0.01 | 0.01000000
06/01/2025 06:14 | 0xDd4c3d252c29da6F584a9b83D2b61AD82ac92FaB | @34 | buy_filled | 0.01 | 6,499.26000000
06/01/2025 07:44 | 0xDd4c3d252c29da6F584a9b83D2b61AD82ac92FaB | @34 | buy_filled | 0.01 | 2,392.14000000
06/01/2025 07:48 | 0xDd4c3d252c29da6F584a9b83D2b61AD82ac92FaB | @34 | buy_filled | 0.01 | 14,444.87000000
06/01/2025 08:33 | 0xDd4c3d252c29da6F584a9b83D2b61AD82ac92FaB | @34 | buy_filled | 0.01 | 4,651.44000000
06/01/2025 13:31 | 0xDd4c3d252c29da6F584a9b83D2b61AD82ac92FaB | @34 | buy_filled | 0.01 | 5,968.42000000
06/01/2025 15:52 | 0xDd4c3d252c29da6F584a9b83D2b61AD82ac92FaB | @34 | buy_filled | 0.01 | 3,548.80000000
06/01/2025 16:39 | 0xDd4c3d252c29da6F584a9b83D2b61AD82ac92FaB | @34 | buy_filled | 0.01 | 6,544.59000000
06/01/2025 16:55 | 0xDd4c3d252c29da6F584a9b83D2b61AD82ac92FaB | @34 | buy_filled | 0.01 | 4,867.86000000
06/01/2025 16:55 | 0xDd4c3d252c29da6F584a9b83D2b61AD82ac92FaB | @34 | buy_filled | 0.01 | 38,339.49000000
06/01/2025 20:08 | 0xDd4c3d252c29da6F584a9b83D2b61AD82ac92FaB | @34 | buy_filled | 0.01 | 2,413.70000000
06/01/2025 20:12 | 0xDd4c3d252c29da6F584a9b83D2b61AD82ac92FaB | @34 | buy_filled | 0.01 | 908.10000000
07/01/2025 00:28 | 0xDd4c3d252c29da6F584a9b83D2b61AD82ac92FaB | @34 | buy_filled | 0.01 | 4,359.45000000
07/01/2025 01:00 | 0xDd4c3d252c29da6F584a9b83D2b61AD82ac92FaB | @34 | buy_filled | 0.01 | 0.01000000
07/01/2025 01:32 | 0xDd4c3d252c29da6F584a9b83D2b61AD82ac92FaB | @34 | buy_filled | 0.01 | 6,344.06000000
07/01/2025 15:31 | 0xDd4c3d252c29da6F584a9b83D2b61AD82ac92FaB | @34 | buy_filled | 0.01 | 958.77000000
07/01/2025 16:12 | 0xDd4c3d252c29da6F584a9b83D2b61AD82ac92FaB | @34 | buy_filled | 0.01 | 6,144.41000000
07/01/2025 16:50 | 0xDd4c3d252c29da6F584a9b83D2b61AD82ac92FaB | @34 | buy_filled | 0.01 | 7,589.08000000
07/01/2025 20:26 | 0xDd4c3d252c29da6F584a9b83D2b61AD82ac92FaB | @34 | buy_filled | 0.01 | 2,031.52000000
07/01/2025 20:50 | 0xDd4c3d252c29da6F584a9b83D2b61AD82ac92FaB | @34 | buy_filled | 0.01 | 47,424.60000000
07/01/2025 20:56 | 0xDd4c3d252c29da6F584a9b83D2b61AD82ac92FaB | @34 | buy_filled | 0.01 | 2,427.58000000
07/01/2025 21:15 | 0xDd4c3d252c29da6F584a9b83D2b61AD82ac92FaB | @34 | buy_filled | 0.01 | 4,402.18000000
07/01/2025 22:54 | 0xDd4c3d252c29da6F584a9b83D2b61AD82ac92FaB | @34 | buy_filled | 0.01 | 8,767.10000000
07/01/2025 23:08 | 0xDd4c3d252c29da6F584a9b83D2b61AD82ac92FaB | @34 | buy_filled | 0.01 | 57,542.35000000
08/01/2025 05:15 | 0xDd4c3d252c29da6F584a9b83D2b61AD82ac92FaB | @34 | buy_filled | 0.01 | 4,511.07000000
08/01/2025 07:31 | 0xDd4c3d252c29da6F584a9b83D2b61AD82ac92FaB | @34 | buy_filled | 0.01 | 0.12000000
08/01/2025 10:52 | 0xDd4c3d252c29da6F584a9b83D2b61AD82ac92FaB | @34 | buy_filled | 0.01 | 15,085.60000000
08/01/2025 11:07 | 0xDd4c3d252c29da6F584a9b83D2b61AD82ac92FaB | @34 | buy_filled | 0.01 | 6,778.72000000
08/01/2025 11:09 | 0xDd4c3d252c29da6F584a9b83D2b61AD82ac92FaB | @34 | buy_filled | 0.01 | 15,694.50000000
08/01/2025 11:19 | 0xDd4c3d252c29da6F584a9b83D2b61AD82ac92FaB | @34 | buy_filled | 0.01 | 13,518.75000000
08/01/2025 17:35 | 0xDd4c3d252c29da6F584a9b83D2b61AD82ac92FaB | @34 | buy_filled | 0.01 | 4,430.15000000
08/01/2025 18:55 | 0xDd4c3d252c29da6F584a9b83D2b61AD82ac92FaB | @34 | buy_filled | 0.01 | 3,865.01000000
08/01/2025 19:16 | 0xDd4c3d252c29da6F584a9b83D2b61AD82ac92FaB | @34 | buy_filled | 0.01 | 10,214.71000000
08/01/2025 19:16 | 0xDd4c3d252c29da6F584a9b83D2b61AD82ac92FaB | @34 | buy_filled | 0.01 | 78,008.21000000
09/01/2025 07:39 | 0xDd4c3d252c29da6F584a9b83D2b61AD82ac92FaB | @34 | buy_filled | 0.01 | 30,972.11000000
09/01/2025 09:10 | 0xDd4c3d252c29da6F584a9b83D2b61AD82ac92FaB | @34 | buy_filled | 0.01 | 11,398.00000000
09/01/2025 14:43 | 0xDd4c3d252c29da6F584a9b83D2b61AD82ac92FaB | @34 | buy_filled | 0.01 | 10,254.82000000
09/01/2025 15:17 | 0xDd4c3d252c29da6F584a9b83D2b61AD82ac92FaB | @34 | buy_filled | 0.01 | 3,540.75000000
09/01/2025 16:04 | 0xDd4c3d252c29da6F584a9b83D2b61AD82ac92FaB | @34 | buy_filled | 0.01 | 2,552.44000000
09/01/2025 23:14 | 0xDd4c3d252c29da6F584a9b83D2b61AD82ac92FaB | @34 | buy_filled | 0.01 | 2,786.86000000
10/01/2025 04:48 | 0xDd4c3d252c29da6F584a9b83D2b61AD82ac92FaB | @34 | buy_filled | 0.01 | 744.12000000
10/01/2025 08:35 | 0xDd4c3d252c29da6F584a9b83D2b61AD82ac92FaB | @34 | buy_filled | 0.01 | 1,782.34000000
10/01/2025 11:19 | 0xDd4c3d252c29da6F584a9b83D2b61AD82ac92FaB | @34 | buy_filled | 0.01 | 5,311.84000000
10/01/2025 13:37 | 0xDd4c3d252c29da6F584a9b83D2b61AD82ac92FaB | @34 | buy_filled | 0.01 | 6,142.63000000
11/01/2025 04:51 | 0xDd4c3d252c29da6F584a9b83D2b61AD82ac92FaB | @34 | buy_filled | 0.01 | 31,272.85000000
11/01/2025 04:51 | 0xDd4c3d252c29da6F584a9b83D2b61AD82ac92FaB | @34 | buy_filled | 0.01 | 38,571.42000000
11/01/2025 04:51 | 0xDd4c3d252c29da6F584a9b83D2b61AD82ac92FaB | @34 | buy_filled | 0.01 | 38,571.42000000
11/01/2025 04:51 | 0xDd4c3d252c29da6F584a9b83D2b61AD82ac92FaB | @34 | buy_filled | 0.01 | 39,130.43000000
13/01/2025 18:07 | 0xDd4c3d252c29da6F584a9b83D2b61AD82ac92FaB | @34 | buy_filled | 0.01 | 28,074.62000000
13/01/2025 18:07 | 0xDd4c3d252c29da6F584a9b83D2b61AD82ac92FaB | @34 | buy_filled | 0.01 | 139,655.22000000
13/01/2025 20:54 | 0xDd4c3d252c29da6F584a9b83D2b61AD82ac92FaB | @34 | buy_filled | 0.01 | 40,122.31000000
15/01/2025 01:02 | 0xDd4c3d252c29da6F584a9b83D2b61AD82ac92FaB | @34 | buy_filled | 0.01 | 61,253.73000000
18/01/2025 07:09 | 0xDd4c3d252c29da6F584a9b83D2b61AD82ac92FaB | TRUMP | buy_filled | 16.00 | 450.90000000
18/01/2025 17:49 | 0xDd4c3d252c29da6F584a9b83D2b61AD82ac92FaB | TRUMP | sell_filled | 27.71 | 450.90000000
19/01/2025 22:37 | 0xDd4c3d252c29da6F584a9b83D2b61AD82ac92FaB | @34 | buy_filled | 0.01 | 43,847.98000000
20/01/2025 01:00 | 0xDd4c3d252c29da6F584a9b83D2b61AD82ac92FaB | @34 | buy_filled | 0.01 | 0.01000000
20/01/2025 02:23 | 0xDd4c3d252c29da6F584a9b83D2b61AD82ac92FaB | @34 | buy_filled | 0.01 | 1,591.51000000
20/01/2025 02:50 | 0xDd4c3d252c29da6F584a9b83D2b61AD82ac92FaB | @34 | buy_filled | 0.01 | 10,163.17000000
20/01/2025 04:25 | 0xDd4c3d252c29da6F584a9b83D2b61AD82ac92FaB | @34 | buy_filled | 0.01 | 49,982.50000000
20/01/2025 10:17 | 0xDd4c3d252c29da6F584a9b83D2b61AD82ac92FaB | @34 | buy_filled | 0.01 | 731.45000000
20/01/2025 10:59 | 0xDd4c3d252c29da6F584a9b83D2b61AD82ac92FaB | @34 | buy_filled | 0.01 | 3,761.62000000
20/01/2025 12:16 | 0xDd4c3d252c29da6F584a9b83D2b61AD82ac92FaB | @34 | buy_filled | 0.01 | 6,823.21000000
20/01/2025 22:04 | 0xDd4c3d252c29da6F584a9b83D2b61AD82ac92FaB | TRUMP | buy_filled | 40.12 | 746.70000000
20/01/2025 22:18 | 0xDd4c3d252c29da6F584a9b83D2b61AD82ac92FaB | TRUMP | buy_filled | 39.47 | 253.40000000
20/01/2025 22:19 | 0xDd4c3d252c29da6F584a9b83D2b61AD82ac92FaB | TRUMP | buy_filled | 39.43 | 254.00000000
20/01/2025 22:41 | 0xDd4c3d252c29da6F584a9b83D2b61AD82ac92FaB | TRUMP | sell_filled | 36.04 | 1,254.10000000
21/01/2025 21:03 | 0xDd4c3d252c29da6F584a9b83D2b61AD82ac92FaB | BTC | buy_filled | 107,013.00 | 0.00093000
21/01/2025 22:19 | 0xDd4c3d252c29da6F584a9b83D2b61AD82ac92FaB | @107 | buy_filled | 23.36 | 2.14000000
21/01/2025 22:20 | 0xDd4c3d252c29da6F584a9b83D2b61AD82ac92FaB | @107 | sell_filled | 23.32 | 1.13000000
21/01/2025 22:20 | 0xDd4c3d252c29da6F584a9b83D2b61AD82ac92FaB | @107 | sell_filled | 23.32 | 1.00000000
21/01/2025 22:37 | 0xDd4c3d252c29da6F584a9b83D2b61AD82ac92FaB | @107 | buy_filled | 23.54 | 1.91000000
21/01/2025 22:37 | 0xDd4c3d252c29da6F584a9b83D2b61AD82ac92FaB | @107 | buy_filled | 23.54 | 1.91000000
21/01/2025 22:37 | 0xDd4c3d252c29da6F584a9b83D2b61AD82ac92FaB | @107 | buy_filled | 23.53 | 1.91000000
21/01/2025 22:37 | 0xDd4c3d252c29da6F584a9b83D2b61AD82ac92FaB | @107 | buy_filled | 23.51 | 1.91000000
21/01/2025 22:40 | 0xDd4c3d252c29da6F584a9b83D2b61AD82ac92FaB | BTC | sell_filled | 106,547.00 | 0.00093000
21/01/2025 22:40 | 0xDd4c3d252c29da6F584a9b83D2b61AD82ac92FaB | @107 | sell_filled | 23.67 | 7.64000000
21/01/2025 22:56 | 0xDd4c3d252c29da6F584a9b83D2b61AD82ac92FaB | @107 | new_buy_order | 23.40 | 1.05000000
21/01/2025 22:56 | 0xDd4c3d252c29da6F584a9b83D2b61AD82ac92FaB | @107 | new_buy_order | 23.40 | 1.05000000
21/01/2025 22:56 | 0xDd4c3d252c29da6F584a9b83D2b61AD82ac92FaB | @107 | new_buy_order | 22.40 | 2.23000000
21/01/2025 22:59 | 0xDd4c3d252c29da6F584a9b83D2b61AD82ac92FaB | @107 | new_buy_order | 22.40 | 2.23000000
21/01/2025 22:59 | 0xDd4c3d252c29da6F584a9b83D2b61AD82ac92FaB | @107 | new_buy_order | 22.40 | 2.23000000
21/01/2025 22:59 | 0xDd4c3d252c29da6F584a9b83D2b61AD82ac92FaB | @107 | new_buy_order | 23.00 | 1.52000000
21/01/2025 23:00 | 0xDd4c3d252c29da6F584a9b83D2b61AD82ac92FaB | UNKNOWN | sell_order_canceled | 0.00 | 0.00000000
21/01/2025 23:00 | 0xDd4c3d252c29da6F584a9b83D2b61AD82ac92FaB | UNKNOWN | sell_order_canceled | 0.00 | 0.00000000
21/01/2025 23:00 | 0xDd4c3d252c29da6F584a9b83D2b61AD82ac92FaB | UNKNOWN | sell_order_canceled | 0.00 | 0.00000000
21/01/2025 23:03 | 0xDd4c3d252c29da6F584a9b83D2b61AD82ac92FaB | @107 | aggregated_buy_orders | Total Size: 3.04000000 | Avg Price: 23.00 | Volume: $69.92 | Count: 2
21/01/2025 23:03 | 0xDd4c3d252c29da6F584a9b83D2b61AD82ac92FaB | @107 | aggregated_buy_orders | Total Size: 0.86000000 | Avg Price: 23.00 | Volume: $19.78 | Count: 1
21/01/2025 23:04 | 0xDd4c3d252c29da6F584a9b83D2b61AD82ac92FaB | @107 | aggregated_buy_fills | Total Size: 2.46000000 | Avg Price: 24.10 | Volume: $59.29 | Count: 3
21/01/2025 23:04 | 0xDd4c3d252c29da6F584a9b83D2b61AD82ac92FaB | @107 | aggregated_sell_orders | Total Size: 0.61000000 | Avg Price: 25.00 | Volume: $15.25 | Count: 1
21/01/2025 23:04 | 0xDd4c3d252c29da6F584a9b83D2b61AD82ac92FaB | @107 | aggregated_sell_orders | Total Size: 1.22000000 | Avg Price: 25.00 | Volume: $30.50 | Count: 2
21/01/2025 23:04 | 0xDd4c3d252c29da6F584a9b83D2b61AD82ac92FaB | UNKNOWN | sell_order_canceled | 0.00 | 0.00000000
21/01/2025 23:04 | 0xDd4c3d252c29da6F584a9b83D2b61AD82ac92FaB | UNKNOWN | sell_order_canceled | 0.00 | 0.00000000
21/01/2025 23:04 | 0xDd4c3d252c29da6F584a9b83D2b61AD82ac92FaB | UNKNOWN | sell_order_canceled | 0.00 | 0.00000000
21/01/2025 23:04 | 0xDd4c3d252c29da6F584a9b83D2b61AD82ac92FaB | UNKNOWN | sell_order_canceled | 0.00 | 0.00000000
21/01/2025 23:04 | 0xDd4c3d252c29da6F584a9b83D2b61AD82ac92FaB | UNKNOWN | sell_order_canceled | 0.00 | 0.00000000
21/01/2025 23:04 | 0xDd4c3d252c29da6F584a9b83D2b61AD82ac92FaB | UNKNOWN | sell_order_canceled | 0.00 | 0.00000000
21/01/2025 23:05 | 0xDd4c3d252c29da6F584a9b83D2b61AD82ac92FaB | @107 | aggregated_sell_fills | Total Size: 1.77000000 | Avg Price: 24.07 | Volume: $42.61 | Count: 3
21/01/2025 23:10 | 0xDd4c3d252c29da6F584a9b83D2b61AD82ac92FaB | @107 | aggregated_buy_orders | Total Size: 1.36000000 | Avg Price: 22.00 | Volume: $29.92 | Count: 2
21/01/2025 23:10 | 0xDd4c3d252c29da6F584a9b83D2b61AD82ac92FaB | @107 | aggregated_buy_fills | Total Size: 3.97000000 | Avg Price: 24.00 | Volume: $95.28 | Count: 1
21/01/2025 23:11 | 0xDd4c3d252c29da6F584a9b83D2b61AD82ac92FaB | None | aggregated_sell_orders_canceled | Total Size: 0.00000000 | Avg Price: 0.00 | Volume: $0.00 | Count: 1
21/01/2025 23:14 | 0xDd4c3d252c29da6F584a9b83D2b61AD82ac92FaB | BTC | aggregated_buy_orders | Total Size: 0.00046000 | Avg Price: 105,000.00 | Volume: $48.30 | Count: 2
21/01/2025 23:14 | 0xDd4c3d252c29da6F584a9b83D2b61AD82ac92FaB | None | aggregated_sell_orders_canceled | Total Size: 0.00000000 | Avg Price: 0.00 | Volume: $0.00 | Count: 1
21/01/2025 23:15 | 0xDd4c3d252c29da6F584a9b83D2b61AD82ac92FaB | None | aggregated_sell_orders_canceled | Total Size: 0.00000000 | Avg Price: 0.00 | Volume: $0.00 | Count: 1
21/01/2025 23:15 | 0xDd4c3d252c29da6F584a9b83D2b61AD82ac92FaB | None | aggregated_sell_orders_canceled | Total Size: 0.00000000 | Avg Price: 0.00 | Volume: $0.00 | Count: 1
21/01/2025 23:16 | 0xDd4c3d252c29da6F584a9b83D2b61AD82ac92FaB | BTC | aggregated_buy_orders | Total Size: 0.00046000 | Avg Price: 105,000.00 | Volume: $48.30 | Count: 2
21/01/2025 23:16 | 0xDd4c3d252c29da6F584a9b83D2b61AD82ac92FaB | None | aggregated_sell_orders_canceled | Total Size: 0.00000000 | Avg Price: 0.00 | Volume: $0.00 | Count: 1
21/01/2025 23:19 | 0xDd4c3d252c29da6F584a9b83D2b61AD82ac92FaB | BTC | aggregated_buy_orders | Total Size: 0.00069000 | Avg Price: 105,000.00 | Volume: $72.45 | Count: 3
21/01/2025 23:19 | 0xDd4c3d252c29da6F584a9b83D2b61AD82ac92FaB | BTC | aggregated_buy_orders | Total Size: 0.00023000 | Avg Price: 105,000.00 | Volume: $24.15 | Count: 1
21/01/2025 23:22 | 0xDd4c3d252c29da6F584a9b83D2b61AD82ac92FaB | BTC | aggregated_buy_orders | Total Size: 0.00046000 | Avg Price: 105,000.00 | Volume: $48.30 | Count: 2
21/01/2025 23:22 | 0xDd4c3d252c29da6F584a9b83D2b61AD82ac92FaB | BTC | aggregated_buy_orders | Total Size: 0.00023000 | Avg Price: 105,000.00 | Volume: $24.15 | Count: 1
21/01/2025 23:21 | 0xDd4c3d252c29da6F584a9b83D2b61AD82ac92FaB | UNKNOWN | sell_order_canceled | 0.00 | 0.00000000
21/01/2025 23:21 | 0xDd4c3d252c29da6F584a9b83D2b61AD82ac92FaB | UNKNOWN | sell_order_canceled | 0.00 | 0.00000000
21/01/2025 23:22 | 0xDd4c3d252c29da6F584a9b83D2b61AD82ac92FaB | BTC | aggregated_buy_orders | Total Size: 0.00023000 | Avg Price: 105,000.00 | Volume: $24.15 | Count: 1
21/01/2025 23:22 | 0xDd4c3d252c29da6F584a9b83D2b61AD82ac92FaB | UNKNOWN | sell_order_canceled | 0.00 | 0.00000000
21/01/2025 23:22 | 0xDd4c3d252c29da6F584a9b83D2b61AD82ac92FaB | BTC | aggregated_buy_orders | Total Size: 0.00023000 | Avg Price: 105,000.00 | Volume: $24.15 | Count: 1
21/01/2025 23:22 | 0xDd4c3d252c29da6F584a9b83D2b61AD82ac92FaB | UNKNOWN | sell_order_canceled | 0.00 | 0.00000000
21/01/2025 23:23 | 0xDd4c3d252c29da6F584a9b83D2b61AD82ac92FaB | BTC | aggregated_buy_orders | Total Size: 0.00023000 | Avg Price: 105,000.00 | Volume: $24.15 | Count: 1
21/01/2025 23:22 | 0xDd4c3d252c29da6F584a9b83D2b61AD82ac92FaB | UNKNOWN | sell_order_canceled | 0.00 | 0.00000000
21/01/2025 23:22 | 0xDd4c3d252c29da6F584a9b83D2b61AD82ac92FaB | UNKNOWN | sell_order_canceled | 0.00 | 0.00000000
