2025-01-21 22:55:43,158 - monitor - INFO - Starting open orders monitor for addresses: ['0xDd4c3d252c29da6F584a9b83D2b61AD82ac92FaB']
2025-01-21 22:55:45,015 - user.activity - INFO - 
2025-01-21 22:55:45,016 - user.activity - INFO - 
2025-01-21 22:55:45,016 - user.activity - INFO - 
2025-01-21 22:55:45,016 - user.activity - INFO - 
2025-01-21 22:55:45,017 - user.activity - INFO - 
2025-01-21 22:55:45,017 - user.activity - INFO - 
2025-01-21 22:55:45,017 - user.activity - INFO - 
2025-01-21 22:55:45,018 - user.activity - INFO - 
2025-01-21 22:55:45,018 - user.activity - INFO - 
2025-01-21 22:55:45,018 - user.activity - INFO - 
2025-01-21 22:55:45,019 - user.activity - INFO - 
2025-01-21 22:55:45,019 - user.activity - INFO - 
2025-01-21 22:55:45,019 - user.activity - INFO - 
2025-01-21 22:55:45,019 - user.activity - INFO - 
2025-01-21 22:55:45,020 - user.activity - INFO - 
2025-01-21 22:55:45,020 - user.activity - INFO - 
2025-01-21 22:55:45,021 - user.activity - INFO - 
2025-01-21 22:55:45,021 - user.activity - INFO - 
2025-01-21 22:55:45,021 - user.activity - INFO - 
2025-01-21 22:55:45,022 - user.activity - INFO - 
2025-01-21 22:55:45,022 - user.activity - INFO - 
2025-01-21 22:55:45,022 - user.activity - INFO - 
2025-01-21 22:55:45,022 - user.activity - INFO - 
2025-01-21 22:55:45,023 - user.activity - INFO - 
2025-01-21 22:55:45,023 - user.activity - INFO - 
2025-01-21 22:55:45,023 - user.activity - INFO - 
2025-01-21 22:55:45,024 - user.activity - INFO - 
2025-01-21 22:55:45,024 - user.activity - INFO - 
2025-01-21 22:55:45,024 - user.activity - INFO - 
2025-01-21 22:55:45,024 - user.activity - INFO - 
2025-01-21 22:55:45,025 - user.activity - INFO - 
2025-01-21 22:55:45,025 - user.activity - INFO - 
2025-01-21 22:55:45,025 - user.activity - INFO - 
2025-01-21 22:55:45,026 - user.activity - INFO - 
2025-01-21 22:55:45,026 - user.activity - INFO - 
2025-01-21 22:55:45,026 - user.activity - INFO - 
2025-01-21 22:55:45,026 - user.activity - INFO - 
2025-01-21 22:55:45,027 - user.activity - INFO - 
2025-01-21 22:55:45,027 - user.activity - INFO - 
2025-01-21 22:55:45,027 - user.activity - INFO - 
2025-01-21 22:55:45,028 - user.activity - INFO - 
2025-01-21 22:55:45,028 - user.activity - INFO - 
2025-01-21 22:55:45,029 - user.activity - INFO - 
2025-01-21 22:55:45,029 - user.activity - INFO - 
2025-01-21 22:55:45,029 - user.activity - INFO - 
2025-01-21 22:55:45,030 - user.activity - INFO - 
2025-01-21 22:55:45,030 - user.activity - INFO - 
2025-01-21 22:55:45,030 - user.activity - INFO - 
2025-01-21 22:55:45,030 - user.activity - INFO - 
2025-01-21 22:55:45,031 - user.activity - INFO - 
2025-01-21 22:55:45,031 - user.activity - INFO - 
2025-01-21 22:55:45,031 - user.activity - INFO - 
2025-01-21 22:55:45,031 - user.activity - INFO - 
2025-01-21 22:55:45,032 - user.activity - INFO - 
2025-01-21 22:55:45,032 - user.activity - INFO - 
2025-01-21 22:55:45,032 - user.activity - INFO - 
2025-01-21 22:55:45,032 - user.activity - INFO - 
2025-01-21 22:55:45,032 - user.activity - INFO - 
2025-01-21 22:55:45,033 - user.activity - INFO - 
2025-01-21 22:55:45,033 - user.activity - INFO - 
2025-01-21 22:55:45,033 - user.activity - INFO - 
2025-01-21 22:55:45,033 - user.activity - INFO - 
2025-01-21 22:55:45,034 - user.activity - INFO - 
2025-01-21 22:55:45,034 - user.activity - INFO - 
2025-01-21 22:55:45,034 - user.activity - INFO - 
2025-01-21 22:55:45,034 - user.activity - INFO - 
2025-01-21 22:55:45,034 - user.activity - INFO - 
2025-01-21 22:55:45,035 - user.activity - INFO - 
2025-01-21 22:55:45,035 - user.activity - INFO - 
2025-01-21 22:55:45,035 - user.activity - INFO - 
2025-01-21 22:55:45,035 - user.activity - INFO - 
2025-01-21 22:55:45,036 - user.activity - INFO - 
2025-01-21 22:55:45,036 - user.activity - INFO - 
2025-01-21 22:55:45,036 - user.activity - INFO - 
2025-01-21 22:55:45,037 - user.activity - INFO - 
2025-01-21 22:55:45,037 - user.activity - INFO - 
2025-01-21 22:55:45,037 - user.activity - INFO - 
2025-01-21 22:55:45,037 - user.activity - INFO - 
2025-01-21 22:55:45,038 - user.activity - INFO - 
2025-01-21 22:55:45,038 - user.activity - INFO - 
2025-01-21 22:55:45,038 - user.activity - INFO - 
2025-01-21 22:55:45,038 - user.activity - INFO - 
2025-01-21 22:55:45,038 - user.activity - INFO - 
2025-01-21 22:55:45,039 - user.activity - INFO - 
2025-01-21 22:55:45,039 - user.activity - INFO - 
2025-01-21 22:55:45,039 - user.activity - INFO - 
2025-01-21 22:55:45,039 - user.activity - INFO - 
2025-01-21 22:55:45,039 - user.activity - INFO - 
2025-01-21 22:55:45,040 - user.activity - INFO - 
2025-01-21 22:55:45,040 - user.activity - INFO - 
2025-01-21 22:55:45,040 - user.activity - INFO - 
2025-01-21 22:55:45,040 - user.activity - INFO - 
2025-01-21 22:55:45,041 - user.activity - INFO - 
2025-01-21 22:55:45,041 - user.activity - INFO - 
2025-01-21 22:55:45,041 - user.activity - INFO - 
2025-01-21 22:55:45,042 - user.activity - INFO - 
2025-01-21 22:55:45,042 - user.activity - INFO - 
2025-01-21 22:55:45,042 - user.activity - INFO - 
2025-01-21 22:55:45,042 - user.activity - INFO - 
2025-01-21 22:55:45,042 - user.activity - INFO - 
2025-01-21 22:55:45,043 - user.activity - INFO - 
2025-01-21 22:55:45,043 - user.activity - INFO - 
2025-01-21 22:55:45,043 - user.activity - INFO - 
2025-01-21 22:55:45,043 - user.activity - INFO - 
2025-01-21 22:55:45,044 - user.activity - INFO - 
2025-01-21 22:55:45,044 - user.activity - INFO - 
2025-01-21 22:55:45,045 - user.activity - INFO - 
2025-01-21 22:55:45,045 - user.activity - INFO - 
2025-01-21 22:55:45,045 - user.activity - INFO - 
2025-01-21 22:55:45,046 - user.activity - INFO - 
2025-01-21 22:55:45,046 - user.activity - INFO - 
2025-01-21 22:55:45,047 - user.activity - INFO - 
2025-01-21 22:55:45,047 - user.activity - INFO - 
2025-01-21 22:55:45,048 - user.activity - INFO - 
2025-01-21 22:55:45,048 - user.activity - INFO - 
2025-01-21 22:55:45,048 - user.activity - INFO - 
2025-01-21 22:55:45,049 - user.activity - INFO - 
2025-01-21 22:55:45,049 - user.activity - INFO - 
2025-01-21 22:55:45,050 - user.activity - INFO - 
2025-01-21 22:55:45,050 - user.activity - INFO - 
2025-01-21 22:55:45,051 - user.activity - INFO - 
2025-01-21 22:55:45,051 - user.activity - INFO - 
2025-01-21 22:55:45,051 - user.activity - INFO - 
2025-01-21 22:55:45,052 - user.activity - INFO - 
2025-01-21 22:55:45,052 - user.activity - INFO - 
2025-01-21 22:55:45,053 - user.activity - INFO - 
2025-01-21 22:55:45,053 - user.activity - INFO - 
2025-01-21 22:55:45,053 - user.activity - INFO - 
2025-01-21 22:55:45,054 - user.activity - INFO - 
2025-01-21 22:55:45,054 - user.activity - INFO - 
2025-01-21 22:55:45,054 - user.activity - INFO - 
2025-01-21 22:55:45,055 - user.activity - INFO - 
2025-01-21 22:55:45,055 - user.activity - INFO - 
2025-01-21 22:55:45,056 - user.activity - INFO - 
2025-01-21 22:55:45,056 - user.activity - INFO - 
2025-01-21 22:55:45,056 - user.activity - INFO - 
2025-01-21 22:55:45,057 - user.activity - INFO - 
2025-01-21 22:55:45,057 - user.activity - INFO - 
2025-01-21 22:55:45,057 - user.activity - INFO - 
2025-01-21 22:55:45,058 - user.activity - INFO - 
2025-01-21 22:55:45,058 - user.activity - INFO - 
2025-01-21 22:55:45,059 - user.activity - INFO - 
2025-01-21 22:55:45,059 - user.activity - INFO - 
2025-01-21 22:55:51,946 - alerts.console - INFO - 
Aggregated fills for 0xDd4c3d252c29da6F584a9b83D2b61AD82ac92FaB:
2025-01-21 22:55:51,946 - alerts.console - INFO - Token: @22, Side: Buy, Total Size: 711.3600, Avg Price: 0.6212, Total Volume: $441.92, Fills: 4
2025-01-21 22:55:51,946 - alerts.console - INFO - Token: @22, Side: Sell, Total Size: 301.1700, Avg Price: 0.6214, Total Volume: $187.14, Fills: 2
2025-01-21 22:55:51,946 - alerts.console - INFO - Token: @76, Side: Buy, Total Size: 322.9000, Avg Price: 0.9158, Total Volume: $295.70, Fills: 2
2025-01-21 22:55:51,946 - alerts.console - INFO - Token: @34, Side: Buy, Total Size: 1453064.7800, Avg Price: 0.0072, Total Volume: $10460.08, Fills: 102
2025-01-21 22:55:51,946 - alerts.console - INFO - Token: @73, Side: Buy, Total Size: 206.6700, Avg Price: 0.9684, Total Volume: $200.13, Fills: 3
2025-01-21 22:55:51,947 - alerts.console - INFO - Token: @17, Side: Buy, Total Size: 314318.0000, Avg Price: 0.0011, Total Volume: $341.77, Fills: 9
2025-01-21 22:55:51,947 - alerts.console - INFO - Token: @104, Side: Buy, Total Size: 161.2900, Avg Price: 1.5462, Total Volume: $249.38, Fills: 1
2025-01-21 22:55:51,947 - alerts.console - INFO - Token: @93, Side: Buy, Total Size: 428945.0000, Avg Price: 0.0005, Total Volume: $199.71, Fills: 2
2025-01-21 22:55:51,947 - alerts.console - INFO - Token: @25, Side: Buy, Total Size: 64996.3600, Avg Price: 0.0027, Total Volume: $178.74, Fills: 1
2025-01-21 22:55:51,947 - alerts.console - INFO - Token: @84, Side: Buy, Total Size: 81.6500, Avg Price: 1.2354, Total Volume: $100.87, Fills: 1
2025-01-21 22:55:51,947 - alerts.console - INFO - Token: TRUMP, Side: Buy, Total Size: 1705.0000, Avg Price: 33.5435, Total Volume: $57191.73, Fills: 4
2025-01-21 22:55:51,947 - alerts.console - INFO - Token: TRUMP, Side: Sell, Total Size: 1705.0000, Avg Price: 33.8386, Total Volume: $57694.77, Fills: 2
2025-01-21 22:55:51,947 - alerts.console - INFO - Token: BTC, Side: Buy, Total Size: 0.0009, Avg Price: 107013.0000, Total Volume: $99.52, Fills: 1
2025-01-21 22:55:51,947 - alerts.console - INFO - Token: BTC, Side: Sell, Total Size: 0.0009, Avg Price: 106547.0000, Total Volume: $99.09, Fills: 1
2025-01-21 22:55:51,947 - alerts.console - INFO - Token: @107, Side: Buy, Total Size: 9.7800, Avg Price: 23.4920, Total Volume: $229.75, Fills: 5
2025-01-21 22:55:51,947 - alerts.console - INFO - Token: @107, Side: Sell, Total Size: 9.7700, Avg Price: 23.5965, Total Volume: $230.54, Fills: 3
2025-01-21 22:56:34,398 - monitor - INFO - Starting open orders monitor for addresses: ['0xDd4c3d252c29da6F584a9b83D2b61AD82ac92FaB']
2025-01-21 22:56:49,298 - user.activity - INFO - 
2025-01-21 22:56:51,138 - alerts.console - INFO - 
Aggregated new orders for 0xDd4c3d252c29da6F584a9b83D2b61AD82ac92FaB:
2025-01-21 22:56:51,138 - alerts.console - INFO - Token: @107, Side: Buy, Total Size: 1.0500, Avg Price: 23.4000, Total Volume: $24.57, Orders: 1, Type: Limit
2025-01-21 22:56:56,977 - user.activity - INFO - 
2025-01-21 22:56:59,788 - alerts.console - INFO - 
Aggregated new orders for 0xDd4c3d252c29da6F584a9b83D2b61AD82ac92FaB:
2025-01-21 22:56:59,789 - alerts.console - INFO - Token: @107, Side: Buy, Total Size: 1.0500, Avg Price: 23.4000, Total Volume: $24.57, Orders: 1, Type: Limit
2025-01-21 22:57:05,576 - user.activity - INFO - 
2025-01-21 22:57:08,956 - alerts.console - INFO - 
Aggregated new orders for 0xDd4c3d252c29da6F584a9b83D2b61AD82ac92FaB:
2025-01-21 22:57:08,956 - alerts.console - INFO - Token: @107, Side: Buy, Total Size: 2.2300, Avg Price: 22.4000, Total Volume: $49.95, Orders: 1, Type: Limit
2025-01-21 22:59:42,935 - monitor - INFO - Starting open orders monitor for addresses: ['0xDd4c3d252c29da6F584a9b83D2b61AD82ac92FaB']
2025-01-21 23:00:00,501 - alerts.console - INFO - 
Aggregated new orders for 0xDd4c3d252c29da6F584a9b83D2b61AD82ac92FaB:
2025-01-21 23:00:00,502 - alerts.console - INFO - Token: @107, Side: Buy, Total Size: 4.4600, Avg Price: 22.4000, Total Volume: $99.90, Orders: 2, Type: Limit
2025-01-21 23:00:09,947 - alerts.console - INFO - 
Aggregated new orders for 0xDd4c3d252c29da6F584a9b83D2b61AD82ac92FaB:
2025-01-21 23:00:09,947 - alerts.console - INFO - Token: @107, Side: Buy, Total Size: 1.5200, Avg Price: 23.0000, Total Volume: $34.96, Orders: 1, Type: Limit
2025-01-21 23:03:30,721 - monitor - INFO - Starting open orders monitor for addresses: ['0xDd4c3d252c29da6F584a9b83D2b61AD82ac92FaB']
2025-01-21 23:09:30,914 - monitor - INFO - Starting open orders monitor for addresses: ['0xDd4c3d252c29da6F584a9b83D2b61AD82ac92FaB']
2025-01-21 23:10:13,691 - monitor - INFO - Starting open orders monitor for addresses: ['0xDd4c3d252c29da6F584a9b83D2b61AD82ac92FaB']
2025-01-21 23:18:59,166 - monitor - INFO - Starting open orders monitor for addresses: ['0xDd4c3d252c29da6F584a9b83D2b61AD82ac92FaB']
2025-01-21 23:21:55,082 - monitor - INFO - Starting open orders monitor for addresses: ['0xDd4c3d252c29da6F584a9b83D2b61AD82ac92FaB']
